<?xml version="1.0" encoding="UTF-8"?>
<!-- Generated by org.testng.reporters.JUnitReportReporter -->
<testsuite hostname="LAPTOP-5V2F6Q92" failures="0" tests="1" name="RaaOnlineProject01.Raaonline.OTPverification" time="108.805" errors="0" timestamp="2025-03-06T15:18:33 IST" skipped="0">
  <testcase classname="RaaOnlineProject01.Raaonline.OTPverification" name="RegisterPage" time="108.805"/>
</testsuite> <!-- RaaOnlineProject01.Raaonline.OTPverification -->
