<?xml version="1.0" encoding="UTF-8"?>
<!-- Generated by org.testng.reporters.JUnitReportReporter -->
<testsuite hostname="LAPTOP-5V2F6Q92" failures="0" tests="2" name="RaaOnlineProject01.Raaonline.SideBar" time="64.413" errors="0" timestamp="2025-03-27T18:01:34 IST" skipped="0">
  <testcase classname="RaaOnlineProject01.Raaonline.SideBar" name="LoginPage" time="18.497"/>
  <testcase classname="RaaOnlineProject01.Raaonline.SideBar" name="SidebarPage" time="45.916"/>
</testsuite> <!-- RaaOnlineProject01.Raaonline.SideBar -->
