<?xml version="1.0" encoding="UTF-8"?>
<!-- Generated by org.testng.reporters.JUnitReportReporter -->
<testsuite hostname="LAPTOP-5V2F6Q92" failures="0" tests="2" name="RaaOnlineProject01.Raaonline.HomePage" time="26.563" errors="0" timestamp="2025-04-07T14:13:19 IST" skipped="0">
  <testcase classname="RaaOnlineProject01.Raaonline.HomePage" name="LoginPage" time="18.388"/>
  <testcase classname="RaaOnlineProject01.Raaonline.HomePage" name="HomePage001" time="8.175"/>
</testsuite> <!-- RaaOnlineProject01.Raaonline.HomePage -->
