<?xml version="1.0" encoding="UTF-8"?>
<!-- Generated by org.testng.reporters.JUnitReportReporter -->
<testsuite hostname="LAPTOP-5V2F6Q92" failures="0" tests="3" name="RaaOnlineProject01.Raaonline.VideoPage" time="153.414" errors="0" timestamp="2025-04-17T15:49:51 IST" skipped="0">
  <testcase classname="RaaOnlineProject01.Raaonline.VideoPage" name="LoginPage" time="18.349"/>
  <testcase classname="RaaOnlineProject01.Raaonline.VideoPage" name="HomePage001" time="8.518"/>
  <testcase classname="RaaOnlineProject01.Raaonline.VideoPage" name="VideoPage01" time="126.547"/>
</testsuite> <!-- RaaOnlineProject01.Raaonline.VideoPage -->
