<?xml version="1.0" encoding="UTF-8"?>
<!-- Generated by org.testng.reporters.JUnitReportReporter -->
<testsuite hostname="LAPTOP-5V2F6Q92" failures="0" tests="3" name="RaaOnlineProject01.Raaonline.VideoPage" time="99.177" errors="0" timestamp="2025-04-15T11:02:43 IST" skipped="0">
  <testcase classname="RaaOnlineProject01.Raaonline.VideoPage" name="LoginPage" time="18.800"/>
  <testcase classname="RaaOnlineProject01.Raaonline.VideoPage" name="HomePage001" time="9.112"/>
  <testcase classname="RaaOnlineProject01.Raaonline.VideoPage" name="VideoPage01" time="71.265"/>
</testsuite> <!-- RaaOnlineProject01.Raaonline.VideoPage -->
