<?xml version="1.0" encoding="UTF-8"?>
<!-- Generated by org.testng.reporters.JUnitReportReporter -->
<testsuite hostname="LAPTOP-5V2F6Q92" failures="0" tests="2" name="RaaOnlineProject01.Raaonline.HomePage" time="38.549" errors="0" timestamp="2025-04-07T12:28:10 IST" skipped="0">
  <testcase classname="RaaOnlineProject01.Raaonline.HomePage" name="LoginPage" time="29.485"/>
  <testcase classname="RaaOnlineProject01.Raaonline.HomePage" name="HomePage001" time="9.064"/>
</testsuite> <!-- RaaOnlineProject01.Raaonline.HomePage -->
