<?xml version="1.0" encoding="UTF-8"?>
<!-- Generated by org.testng.reporters.JUnitReportReporter -->
<testsuite hostname="LAPTOP-5V2F6Q92" failures="0" tests="3" name="RaaOnlineProject01.Raaonline.VideoPage" time="123.003" errors="0" timestamp="2025-03-26T14:30:26 IST" skipped="0">
  <testcase classname="RaaOnlineProject01.Raaonline.VideoPage" name="LoginPage" time="18.947"/>
  <testcase classname="RaaOnlineProject01.Raaonline.VideoPage" name="HomePage001" time="23.698"/>
  <testcase classname="RaaOnlineProject01.Raaonline.VideoPage" name="VideoPage01" time="80.358"/>
</testsuite> <!-- RaaOnlineProject01.Raaonline.VideoPage -->
