<?xml version="1.0" encoding="UTF-8"?>
<!-- Generated by org.testng.reporters.JUnitReportReporter -->
<testsuite hostname="LAPTOP-5V2F6Q92" failures="0" tests="3" name="RaaOnlineProject01.Raaonline.MyCourseViewPlan" time="34.260" errors="0" timestamp="2025-04-16T18:23:26 IST" skipped="0">
  <testcase classname="RaaOnlineProject01.Raaonline.MyCourseViewPlan" name="LoginPage" time="19.055"/>
  <testcase classname="RaaOnlineProject01.Raaonline.MyCourseViewPlan" name="HomePage001" time="9.206"/>
  <testcase classname="RaaOnlineProject01.Raaonline.MyCourseViewPlan" name="ViewPlans" time="5.999"/>
</testsuite> <!-- RaaOnlineProject01.Raaonline.MyCourseViewPlan -->
