<?xml version="1.0" encoding="UTF-8"?>
<!-- Generated by org.testng.reporters.JUnitReportReporter -->
<testsuite hostname="LAPTOP-5V2F6Q92" failures="0" tests="1" name="RaaOnlineProject01.Raaonline.Login" time="21.174" errors="0" timestamp="2025-04-16T10:56:42 IST" skipped="0">
  <testcase classname="RaaOnlineProject01.Raaonline.Login" name="LoginPage" time="21.174"/>
</testsuite> <!-- RaaOnlineProject01.Raaonline.Login -->
