<?xml version="1.0" encoding="UTF-8"?>
<!-- Generated by org.testng.reporters.JUnitReportReporter -->
<testsuite hostname="LAPTOP-5V2F6Q92" failures="0" tests="1" name="RaaOnlineProject01.Raaonline.CreateAccountPage" time="70.260" errors="0" timestamp="2025-03-27T15:12:23 IST" skipped="0">
  <testcase classname="RaaOnlineProject01.Raaonline.CreateAccountPage" name="RegisterPage" time="70.260"/>
</testsuite> <!-- RaaOnlineProject01.Raaonline.CreateAccountPage -->
