<?xml version="1.0" encoding="UTF-8"?>
<!-- Generated by org.testng.reporters.JUnitReportReporter -->
<testsuite hostname="LAPTOP-5V2F6Q92" failures="0" tests="1" name="RaaOnlineProject01.Raaonline.CreateAccountPage" time="68.601" errors="0" timestamp="2025-04-15T17:58:43 IST" skipped="0">
  <testcase classname="RaaOnlineProject01.Raaonline.CreateAccountPage" name="RegisterPage" time="68.601"/>
</testsuite> <!-- RaaOnlineProject01.Raaonline.CreateAccountPage -->
