<?xml version="1.0" encoding="UTF-8"?>
<!-- Generated by org.testng.reporters.JUnitReportReporter -->
<testsuite hostname="LAPTOP-5V2F6Q92" failures="0" tests="1" name="RaaOnlineProject01.Raaonline.networkSpeed" time="17.545" errors="0" timestamp="2025-03-26T18:33:41 IST" skipped="0">
  <testcase classname="RaaOnlineProject01.Raaonline.networkSpeed" name="LoginPage" time="17.545"/>
</testsuite> <!-- RaaOnlineProject01.Raaonline.networkSpeed -->
