<?xml version="1.0" encoding="UTF-8"?>
<!-- Generated by org.testng.reporters.JUnitReportReporter -->
<testsuite hostname="LAPTOP-5V2F6Q92" failures="0" tests="2" name="RaaOnlineProject01.Raaonline.LoginRedirectToRegisterPage" time="78.376" errors="0" timestamp="2025-03-05T14:45:53 IST" skipped="0">
  <testcase classname="RaaOnlineProject01.Raaonline.LoginRedirectToRegisterPage" name="LoginPage" time="18.153"/>
  <testcase classname="RaaOnlineProject01.Raaonline.LoginRedirectToRegisterPage" name="RegisterPage" time="60.223"/>
</testsuite> <!-- RaaOnlineProject01.Raaonline.LoginRedirectToRegisterPage -->
