<?xml version="1.0" encoding="UTF-8"?>
<!-- Generated by org.testng.reporters.JUnitReportReporter -->
<testsuite hostname="LAPTOP-5V2F6Q92" failures="0" tests="2" name="RaaOnlineProject01.Raaonline.SideBar" time="64.102" errors="0" timestamp="2025-04-03T12:45:23 IST" skipped="0">
  <testcase classname="RaaOnlineProject01.Raaonline.SideBar" name="LoginPage" time="19.086"/>
  <testcase classname="RaaOnlineProject01.Raaonline.SideBar" name="SidebarPage" time="45.016"/>
</testsuite> <!-- RaaOnlineProject01.Raaonline.SideBar -->
