<?xml version="1.0" encoding="UTF-8"?>
<!-- Generated by org.testng.reporters.JUnitReportReporter -->
<testsuite hostname="LAPTOP-5V2F6Q92" failures="0" tests="2" name="RaaOnlineProject01.Raaonline.SideBar" time="63.248" errors="0" timestamp="2025-04-15T11:02:43 IST" skipped="0">
  <testcase classname="RaaOnlineProject01.Raaonline.SideBar" name="LoginPage" time="18.692"/>
  <testcase classname="RaaOnlineProject01.Raaonline.SideBar" name="SidebarPage" time="44.556"/>
</testsuite> <!-- RaaOnlineProject01.Raaonline.SideBar -->
